build/app/intermediates/manifest_merge_blame_file/release/manifest-merger-blame-release-report.txt
1<?xml version="1.0" encoding="utf-8"?>
2<!-- suppress ALL -->
3<manifest xmlns:android="http://schemas.android.com/apk/res/android"
4    package="com.sepsmm.sepsmm"
5    android:versionCode="1"
6    android:versionName="1.0.0" >
7
8    <uses-sdk
9        android:minSdkVersion="21"
9-->src\main\AndroidManifest.xml
10        android:targetSdkVersion="33" />
10-->src\main\AndroidManifest.xml
11
12    <uses-permission android:name="android.permission.INTERNET" />
12-->[com.google.firebase:firebase-auth:21.1.0] AndroidManifest.xml:23:5-67
12-->[com.google.firebase:firebase-auth:21.1.0] AndroidManifest.xml:23:22-64
13    <uses-permission android:name="android.permission.ACCESS_NETWORK_STATE" />
13-->[com.google.firebase:firebase-auth:21.1.0] AndroidManifest.xml:24:5-79
13-->[com.google.firebase:firebase-auth:21.1.0] AndroidManifest.xml:24:22-76
14    <uses-permission android:name="android.permission.WAKE_LOCK" />
14-->[com.google.android.gms:play-services-measurement-api:21.2.0] AndroidManifest.xml:24:5-68
14-->[com.google.android.gms:play-services-measurement-api:21.2.0] AndroidManifest.xml:24:22-65
15    <uses-permission android:name="com.google.android.gms.permission.AD_ID" />
15-->[com.google.android.gms:play-services-measurement-api:21.2.0] AndroidManifest.xml:25:5-79
15-->[com.google.android.gms:play-services-measurement-api:21.2.0] AndroidManifest.xml:25:22-76
16    <uses-permission android:name="com.google.android.finsky.permission.BIND_GET_INSTALL_REFERRER_SERVICE" />
16-->[com.google.android.gms:play-services-measurement:21.2.0] AndroidManifest.xml:26:5-110
16-->[com.google.android.gms:play-services-measurement:21.2.0] AndroidManifest.xml:26:22-107
17
18    <application
19        android:name="android.app.Application"
19-->src\main\AndroidManifest.xml:13:9-42
20        android:appComponentFactory="androidx.core.app.CoreComponentFactory"
20-->[androidx.core:core:1.6.0] AndroidManifest.xml:24:18-86
21        android:icon="@mipmap/ic_launcher"
21-->src\main\AndroidManifest.xml:14:9-43
22        android:label="sepsmm" >
22-->src\main\AndroidManifest.xml:12:9-31
23        <activity
23-->src\main\AndroidManifest.xml:15:9-36:20
24            android:name="com.example.sepsmm.MainActivity"
24-->src\main\AndroidManifest.xml:16:13-41
25            android:configChanges="orientation|keyboardHidden|keyboard|screenSize|smallestScreenSize|locale|layoutDirection|fontScale|screenLayout|density|uiMode"
25-->src\main\AndroidManifest.xml:20:13-163
26            android:exported="true"
26-->src\main\AndroidManifest.xml:17:13-36
27            android:hardwareAccelerated="true"
27-->src\main\AndroidManifest.xml:21:13-47
28            android:launchMode="singleTop"
28-->src\main\AndroidManifest.xml:18:13-43
29            android:theme="@style/LaunchTheme"
29-->src\main\AndroidManifest.xml:19:13-47
30            android:windowSoftInputMode="adjustResize" >
30-->src\main\AndroidManifest.xml:22:13-55
31
32            <!--
33                 Specifies an Android theme to apply to this Activity as soon as
34                 the Android process has started. This theme is visible to the user
35                 while the Flutter UI initializes. After that, this theme continues
36                 to determine the Window background behind the Flutter UI.
37            -->
38            <meta-data
38-->src\main\AndroidManifest.xml:28:13-31:17
39                android:name="io.flutter.embedding.android.NormalTheme"
39-->src\main\AndroidManifest.xml:29:15-70
40                android:resource="@style/NormalTheme" />
40-->src\main\AndroidManifest.xml:30:15-52
41
42            <intent-filter>
42-->src\main\AndroidManifest.xml:32:13-35:29
43                <action android:name="android.intent.action.MAIN" />
43-->src\main\AndroidManifest.xml:33:17-68
43-->src\main\AndroidManifest.xml:33:25-66
44
45                <category android:name="android.intent.category.LAUNCHER" />
45-->src\main\AndroidManifest.xml:34:17-76
45-->src\main\AndroidManifest.xml:34:27-74
46            </intent-filter>
47        </activity>
48        <!--
49             Don't delete the meta-data below.
50             This is used by the Flutter tool to generate GeneratedPluginRegistrant.java
51        -->
52        <meta-data
52-->src\main\AndroidManifest.xml:39:9-41:33
53            android:name="flutterEmbedding"
53-->src\main\AndroidManifest.xml:40:13-44
54            android:value="2" />
54-->src\main\AndroidManifest.xml:41:13-30
55
56        <service
56-->[:firebase_auth] AndroidManifest.xml:8:9-12:19
57            android:name="com.google.firebase.components.ComponentDiscoveryService"
57-->[:firebase_auth] AndroidManifest.xml:8:18-89
58            android:directBootAware="true"
58-->[com.google.firebase:firebase-common:20.3.1] AndroidManifest.xml:34:13-43
59            android:exported="false" >
59-->[com.google.firebase:firebase-auth:21.1.0] AndroidManifest.xml:66:13-37
60            <meta-data
60-->[:firebase_auth] AndroidManifest.xml:9:13-11:85
61                android:name="com.google.firebase.components:io.flutter.plugins.firebase.auth.FlutterFirebaseAuthRegistrar"
61-->[:firebase_auth] AndroidManifest.xml:10:17-124
62                android:value="com.google.firebase.components.ComponentRegistrar" />
62-->[:firebase_auth] AndroidManifest.xml:11:17-82
63            <meta-data
63-->[:firebase_database] AndroidManifest.xml:9:13-11:85
64                android:name="com.google.firebase.components:io.flutter.plugins.firebase.database.FlutterFirebaseAppRegistrar"
64-->[:firebase_database] AndroidManifest.xml:10:17-127
65                android:value="com.google.firebase.components.ComponentRegistrar" />
65-->[:firebase_database] AndroidManifest.xml:11:17-82
66            <meta-data
66-->[:firebase_storage] AndroidManifest.xml:9:13-11:85
67                android:name="com.google.firebase.components:io.flutter.plugins.firebase.storage.FlutterFirebaseAppRegistrar"
67-->[:firebase_storage] AndroidManifest.xml:10:17-126
68                android:value="com.google.firebase.components.ComponentRegistrar" />
68-->[:firebase_storage] AndroidManifest.xml:11:17-82
69            <meta-data
69-->[:cloud_firestore] AndroidManifest.xml:9:13-11:85
70                android:name="com.google.firebase.components:io.flutter.plugins.firebase.firestore.FlutterFirebaseFirestoreRegistrar"
70-->[:cloud_firestore] AndroidManifest.xml:10:17-134
71                android:value="com.google.firebase.components.ComponentRegistrar" />
71-->[:cloud_firestore] AndroidManifest.xml:11:17-82
72            <meta-data
72-->[:firebase_core] AndroidManifest.xml:9:13-11:85
73                android:name="com.google.firebase.components:io.flutter.plugins.firebase.core.FlutterFirebaseCoreRegistrar"
73-->[:firebase_core] AndroidManifest.xml:10:17-124
74                android:value="com.google.firebase.components.ComponentRegistrar" />
74-->[:firebase_core] AndroidManifest.xml:11:17-82
75            <meta-data
75-->[com.google.firebase:firebase-auth:21.1.0] AndroidManifest.xml:67:13-69:85
76                android:name="com.google.firebase.components:com.google.firebase.auth.FirebaseAuthRegistrar"
76-->[com.google.firebase:firebase-auth:21.1.0] AndroidManifest.xml:68:17-109
77                android:value="com.google.firebase.components.ComponentRegistrar" />
77-->[com.google.firebase:firebase-auth:21.1.0] AndroidManifest.xml:69:17-82
78            <meta-data
78-->[com.google.firebase:firebase-firestore:24.4.4] AndroidManifest.xml:19:13-21:85
79                android:name="com.google.firebase.components:com.google.firebase.firestore.FirestoreRegistrar"
79-->[com.google.firebase:firebase-firestore:24.4.4] AndroidManifest.xml:20:17-111
80                android:value="com.google.firebase.components.ComponentRegistrar" />
80-->[com.google.firebase:firebase-firestore:24.4.4] AndroidManifest.xml:21:17-82
81            <meta-data
81-->[com.google.firebase:firebase-storage:20.1.0] AndroidManifest.xml:32:13-34:85
82                android:name="com.google.firebase.components:com.google.firebase.storage.StorageRegistrar"
82-->[com.google.firebase:firebase-storage:20.1.0] AndroidManifest.xml:33:17-107
83                android:value="com.google.firebase.components.ComponentRegistrar" />
83-->[com.google.firebase:firebase-storage:20.1.0] AndroidManifest.xml:34:17-82
84            <meta-data
84-->[com.google.firebase:firebase-database:20.1.0] AndroidManifest.xml:31:13-33:85
85                android:name="com.google.firebase.components:com.google.firebase.database.DatabaseRegistrar"
85-->[com.google.firebase:firebase-database:20.1.0] AndroidManifest.xml:32:17-109
86                android:value="com.google.firebase.components.ComponentRegistrar" />
86-->[com.google.firebase:firebase-database:20.1.0] AndroidManifest.xml:33:17-82
87            <meta-data
87-->[com.google.android.gms:play-services-measurement-api:21.2.0] AndroidManifest.xml:31:13-33:85
88                android:name="com.google.firebase.components:com.google.firebase.analytics.connector.internal.AnalyticsConnectorRegistrar"
88-->[com.google.android.gms:play-services-measurement-api:21.2.0] AndroidManifest.xml:32:17-139
89                android:value="com.google.firebase.components.ComponentRegistrar" />
89-->[com.google.android.gms:play-services-measurement-api:21.2.0] AndroidManifest.xml:33:17-82
90            <meta-data
90-->[com.google.firebase:firebase-installations:17.1.3] AndroidManifest.xml:17:13-19:85
91                android:name="com.google.firebase.components:com.google.firebase.installations.FirebaseInstallationsRegistrar"
91-->[com.google.firebase:firebase-installations:17.1.3] AndroidManifest.xml:18:17-127
92                android:value="com.google.firebase.components.ComponentRegistrar" />
92-->[com.google.firebase:firebase-installations:17.1.3] AndroidManifest.xml:19:17-82
93        </service>
94
95        <uses-library
95-->[androidx.window:window:1.0.0-beta04] AndroidManifest.xml:25:9-27:40
96            android:name="androidx.window.extensions"
96-->[androidx.window:window:1.0.0-beta04] AndroidManifest.xml:26:13-54
97            android:required="false" />
97-->[androidx.window:window:1.0.0-beta04] AndroidManifest.xml:27:13-37
98        <uses-library
98-->[androidx.window:window:1.0.0-beta04] AndroidManifest.xml:28:9-30:40
99            android:name="androidx.window.sidecar"
99-->[androidx.window:window:1.0.0-beta04] AndroidManifest.xml:29:13-51
100            android:required="false" />
100-->[androidx.window:window:1.0.0-beta04] AndroidManifest.xml:30:13-37
101
102        <activity
102-->[com.google.firebase:firebase-auth:21.1.0] AndroidManifest.xml:27:9-44:20
103            android:name="com.google.firebase.auth.internal.GenericIdpActivity"
103-->[com.google.firebase:firebase-auth:21.1.0] AndroidManifest.xml:28:13-80
104            android:excludeFromRecents="true"
104-->[com.google.firebase:firebase-auth:21.1.0] AndroidManifest.xml:29:13-46
105            android:exported="true"
105-->[com.google.firebase:firebase-auth:21.1.0] AndroidManifest.xml:30:13-36
106            android:launchMode="singleTask"
106-->[com.google.firebase:firebase-auth:21.1.0] AndroidManifest.xml:31:13-44
107            android:theme="@android:style/Theme.Translucent.NoTitleBar" >
107-->[com.google.firebase:firebase-auth:21.1.0] AndroidManifest.xml:32:13-72
108            <intent-filter>
108-->[com.google.firebase:firebase-auth:21.1.0] AndroidManifest.xml:33:13-43:29
109                <action android:name="android.intent.action.VIEW" />
109-->[com.google.firebase:firebase-auth:21.1.0] AndroidManifest.xml:34:17-69
109-->[com.google.firebase:firebase-auth:21.1.0] AndroidManifest.xml:34:25-66
110
111                <category android:name="android.intent.category.DEFAULT" />
111-->[com.google.firebase:firebase-auth:21.1.0] AndroidManifest.xml:36:17-76
111-->[com.google.firebase:firebase-auth:21.1.0] AndroidManifest.xml:36:27-73
112                <category android:name="android.intent.category.BROWSABLE" />
112-->[com.google.firebase:firebase-auth:21.1.0] AndroidManifest.xml:37:17-78
112-->[com.google.firebase:firebase-auth:21.1.0] AndroidManifest.xml:37:27-75
113
114                <data
114-->[com.google.firebase:firebase-auth:21.1.0] AndroidManifest.xml:39:17-42:51
115                    android:host="firebase.auth"
115-->[com.google.firebase:firebase-auth:21.1.0] AndroidManifest.xml:40:21-49
116                    android:path="/"
116-->[com.google.firebase:firebase-auth:21.1.0] AndroidManifest.xml:41:21-37
117                    android:scheme="genericidp" />
117-->[com.google.firebase:firebase-auth:21.1.0] AndroidManifest.xml:42:21-48
118            </intent-filter>
119        </activity>
120        <activity
120-->[com.google.firebase:firebase-auth:21.1.0] AndroidManifest.xml:45:9-62:20
121            android:name="com.google.firebase.auth.internal.RecaptchaActivity"
121-->[com.google.firebase:firebase-auth:21.1.0] AndroidManifest.xml:46:13-79
122            android:excludeFromRecents="true"
122-->[com.google.firebase:firebase-auth:21.1.0] AndroidManifest.xml:47:13-46
123            android:exported="true"
123-->[com.google.firebase:firebase-auth:21.1.0] AndroidManifest.xml:48:13-36
124            android:launchMode="singleTask"
124-->[com.google.firebase:firebase-auth:21.1.0] AndroidManifest.xml:49:13-44
125            android:theme="@android:style/Theme.Translucent.NoTitleBar" >
125-->[com.google.firebase:firebase-auth:21.1.0] AndroidManifest.xml:50:13-72
126            <intent-filter>
126-->[com.google.firebase:firebase-auth:21.1.0] AndroidManifest.xml:51:13-61:29
127                <action android:name="android.intent.action.VIEW" />
127-->[com.google.firebase:firebase-auth:21.1.0] AndroidManifest.xml:34:17-69
127-->[com.google.firebase:firebase-auth:21.1.0] AndroidManifest.xml:34:25-66
128
129                <category android:name="android.intent.category.DEFAULT" />
129-->[com.google.firebase:firebase-auth:21.1.0] AndroidManifest.xml:36:17-76
129-->[com.google.firebase:firebase-auth:21.1.0] AndroidManifest.xml:36:27-73
130                <category android:name="android.intent.category.BROWSABLE" />
130-->[com.google.firebase:firebase-auth:21.1.0] AndroidManifest.xml:37:17-78
130-->[com.google.firebase:firebase-auth:21.1.0] AndroidManifest.xml:37:27-75
131
132                <data
132-->[com.google.firebase:firebase-auth:21.1.0] AndroidManifest.xml:39:17-42:51
133                    android:host="firebase.auth"
133-->[com.google.firebase:firebase-auth:21.1.0] AndroidManifest.xml:40:21-49
134                    android:path="/"
134-->[com.google.firebase:firebase-auth:21.1.0] AndroidManifest.xml:41:21-37
135                    android:scheme="recaptcha" />
135-->[com.google.firebase:firebase-auth:21.1.0] AndroidManifest.xml:42:21-48
136            </intent-filter>
137        </activity>
138
139        <provider
139-->[com.google.firebase:firebase-common:20.3.1] AndroidManifest.xml:25:9-30:39
140            android:name="com.google.firebase.provider.FirebaseInitProvider"
140-->[com.google.firebase:firebase-common:20.3.1] AndroidManifest.xml:26:13-77
141            android:authorities="com.sepsmm.sepsmm.firebaseinitprovider"
141-->[com.google.firebase:firebase-common:20.3.1] AndroidManifest.xml:27:13-72
142            android:directBootAware="true"
142-->[com.google.firebase:firebase-common:20.3.1] AndroidManifest.xml:28:13-43
143            android:exported="false"
143-->[com.google.firebase:firebase-common:20.3.1] AndroidManifest.xml:29:13-37
144            android:initOrder="100" />
144-->[com.google.firebase:firebase-common:20.3.1] AndroidManifest.xml:30:13-36
145
146        <receiver
146-->[com.google.android.gms:play-services-measurement:21.2.0] AndroidManifest.xml:29:9-33:20
147            android:name="com.google.android.gms.measurement.AppMeasurementReceiver"
147-->[com.google.android.gms:play-services-measurement:21.2.0] AndroidManifest.xml:30:13-85
148            android:enabled="true"
148-->[com.google.android.gms:play-services-measurement:21.2.0] AndroidManifest.xml:31:13-35
149            android:exported="false" >
149-->[com.google.android.gms:play-services-measurement:21.2.0] AndroidManifest.xml:32:13-37
150        </receiver>
151
152        <service
152-->[com.google.android.gms:play-services-measurement:21.2.0] AndroidManifest.xml:35:9-38:40
153            android:name="com.google.android.gms.measurement.AppMeasurementService"
153-->[com.google.android.gms:play-services-measurement:21.2.0] AndroidManifest.xml:36:13-84
154            android:enabled="true"
154-->[com.google.android.gms:play-services-measurement:21.2.0] AndroidManifest.xml:37:13-35
155            android:exported="false" />
155-->[com.google.android.gms:play-services-measurement:21.2.0] AndroidManifest.xml:38:13-37
156        <service
156-->[com.google.android.gms:play-services-measurement:21.2.0] AndroidManifest.xml:39:9-43:72
157            android:name="com.google.android.gms.measurement.AppMeasurementJobService"
157-->[com.google.android.gms:play-services-measurement:21.2.0] AndroidManifest.xml:40:13-87
158            android:enabled="true"
158-->[com.google.android.gms:play-services-measurement:21.2.0] AndroidManifest.xml:41:13-35
159            android:exported="false"
159-->[com.google.android.gms:play-services-measurement:21.2.0] AndroidManifest.xml:42:13-37
160            android:permission="android.permission.BIND_JOB_SERVICE" />
160-->[com.google.android.gms:play-services-measurement:21.2.0] AndroidManifest.xml:43:13-69
161
162        <activity
162-->[com.google.android.gms:play-services-base:18.0.1] AndroidManifest.xml:20:9-22:45
163            android:name="com.google.android.gms.common.api.GoogleApiActivity"
163-->[com.google.android.gms:play-services-base:18.0.1] AndroidManifest.xml:20:19-85
164            android:exported="false"
164-->[com.google.android.gms:play-services-base:18.0.1] AndroidManifest.xml:22:19-43
165            android:theme="@android:style/Theme.Translucent.NoTitleBar" />
165-->[com.google.android.gms:play-services-base:18.0.1] AndroidManifest.xml:21:19-78
166
167        <meta-data
167-->[com.google.android.gms:play-services-basement:18.1.0] AndroidManifest.xml:21:9-23:69
168            android:name="com.google.android.gms.version"
168-->[com.google.android.gms:play-services-basement:18.1.0] AndroidManifest.xml:22:13-58
169            android:value="@integer/google_play_services_version" />
169-->[com.google.android.gms:play-services-basement:18.1.0] AndroidManifest.xml:23:13-66
170    </application>
171
172</manifest>